<?xml version="1.0" encoding="UTF-8"?>
<!-- Generated by org.testng.reporters.JUnitXMLReporter -->
<testsuite ignored="0" hostname="DESKTOP-9VRJEA8" failures="1" tests="1" name="Test" time="84.384" errors="0" timestamp="2022-07-27T15:13:52 IST">
  <testcase classname="Module_LoginTest.PBLoginTest_Base_Utility_screenshot" name="verifyPN" time="20.198">
    <failure type="java.lang.AssertionError" message="Failure:Profile Name not matching expected [queen143] but found [Shital]">
      <![CDATA[java.lang.AssertionError: Failure:Profile Name not matching expected [queen143] but found [Shital]
at Module_LoginTest.PBLoginTest_Base_Utility_screenshot.verifyPN(PBLoginTest_Base_Utility_screenshot.java:67)
at java.base/java.util.ArrayList.forEach(ArrayList.java:1541)
... Removed 32 stack frames]]>
    </failure>
  </testcase> <!-- verifyPN -->
</testsuite> <!-- Test -->
