<?xml version="1.0" encoding="UTF-8"?>
<testng-results ignored="0" total="1" passed="0" failed="1" skipped="0">
  <reporter-output>
  </reporter-output>
  <suite started-at="2022-07-27T15:19:50 IST" name="Default suite" finished-at="2022-07-27T15:21:07 IST" duration-ms="76921">
    <groups>
    </groups>
    <test started-at="2022-07-27T15:19:50 IST" name="Default test" finished-at="2022-07-27T15:21:07 IST" duration-ms="76921">
      <class name="Module_LoginTest.PBLoginTest_Base_Utility_screenshot">
        <test-method is-config="true" signature="openBrowser()[pri:0, instance:Module_LoginTest.PBLoginTest_Base_Utility_screenshot@3cebbb30]" started-at="2022-07-27T15:19:50 IST" name="openBrowser" finished-at="2022-07-27T15:20:22 IST" duration-ms="31607" status="PASS">
          <reporter-output>
          </reporter-output>
        </test-method> <!-- openBrowser -->
        <test-method is-config="true" signature="login()[pri:0, instance:Module_LoginTest.PBLoginTest_Base_Utility_screenshot@3cebbb30]" started-at="2022-07-27T15:20:22 IST" name="login" finished-at="2022-07-27T15:20:45 IST" duration-ms="23508" status="PASS">
          <reporter-output>
          </reporter-output>
        </test-method> <!-- login -->
        <test-method signature="verifyPN()[pri:0, instance:Module_LoginTest.PBLoginTest_Base_Utility_screenshot@3cebbb30]" started-at="2022-07-27T15:20:46 IST" name="verifyPN" finished-at="2022-07-27T15:21:01 IST" duration-ms="15134" status="FAIL">
          <exception class="java.lang.AssertionError">
            <message>
              <![CDATA[Failure:Profile Name not matching expected [queen143] but found [Shital]]]>
            </message>
            <full-stacktrace>
              <![CDATA[java.lang.AssertionError: Failure:Profile Name not matching expected [queen143] but found [Shital]
at org.testng.Assert.fail(Assert.java:99)
at org.testng.Assert.failNotEquals(Assert.java:1037)
at org.testng.Assert.assertEqualsImpl(Assert.java:140)
at org.testng.Assert.assertEquals(Assert.java:122)
at org.testng.Assert.assertEquals(Assert.java:629)
at Module_LoginTest.PBLoginTest_Base_Utility_screenshot.verifyPN(PBLoginTest_Base_Utility_screenshot.java:67)
at java.base/jdk.internal.reflect.NativeMethodAccessorImpl.invoke0(Native Method)
at java.base/jdk.internal.reflect.NativeMethodAccessorImpl.invoke(NativeMethodAccessorImpl.java:62)
at java.base/jdk.internal.reflect.DelegatingMethodAccessorImpl.invoke(DelegatingMethodAccessorImpl.java:43)
at java.base/java.lang.reflect.Method.invoke(Method.java:566)
at org.testng.internal.MethodInvocationHelper.invokeMethod(MethodInvocationHelper.java:133)
at org.testng.internal.TestInvoker.invokeMethod(TestInvoker.java:598)
at org.testng.internal.TestInvoker.invokeTestMethod(TestInvoker.java:173)
at org.testng.internal.MethodRunner.runInSequence(MethodRunner.java:46)
at org.testng.internal.TestInvoker$MethodInvocationAgent.invoke(TestInvoker.java:824)
at org.testng.internal.TestInvoker.invokeTestMethods(TestInvoker.java:146)
at org.testng.internal.TestMethodWorker.invokeTestMethods(TestMethodWorker.java:146)
at org.testng.internal.TestMethodWorker.run(TestMethodWorker.java:128)
at java.base/java.util.ArrayList.forEach(ArrayList.java:1541)
at org.testng.TestRunner.privateRun(TestRunner.java:794)
at org.testng.TestRunner.run(TestRunner.java:596)
at org.testng.SuiteRunner.runTest(SuiteRunner.java:377)
at org.testng.SuiteRunner.runSequentially(SuiteRunner.java:371)
at org.testng.SuiteRunner.privateRun(SuiteRunner.java:332)
at org.testng.SuiteRunner.run(SuiteRunner.java:276)
at org.testng.SuiteRunnerWorker.runSuite(SuiteRunnerWorker.java:53)
at org.testng.SuiteRunnerWorker.run(SuiteRunnerWorker.java:96)
at org.testng.TestNG.runSuitesSequentially(TestNG.java:1212)
at org.testng.TestNG.runSuitesLocally(TestNG.java:1134)
at org.testng.TestNG.runSuites(TestNG.java:1063)
at org.testng.TestNG.run(TestNG.java:1031)
at org.testng.remote.AbstractRemoteTestNG.run(AbstractRemoteTestNG.java:115)
at org.testng.remote.RemoteTestNG.initAndRun(RemoteTestNG.java:251)
at org.testng.remote.RemoteTestNG.main(RemoteTestNG.java:77)
]]>
            </full-stacktrace>
          </exception> <!-- java.lang.AssertionError -->
          <reporter-output>
          </reporter-output>
        </test-method> <!-- verifyPN -->
        <test-method is-config="true" signature="logout(org.testng.ITestResult)[pri:0, instance:Module_LoginTest.PBLoginTest_Base_Utility_screenshot@3cebbb30]" started-at="2022-07-27T15:21:01 IST" name="logout" finished-at="2022-07-27T15:21:01 IST" duration-ms="491" status="PASS">
          <params>
            <param index="0">
              <value>
                <![CDATA[[TestResult name=verifyPN status=FAILURE method=PBLoginTest_Base_Utility_screenshot.verifyPN()[pri:0, instance:Module_LoginTest.PBLoginTest_Base_Utility_screenshot@3cebbb30] output={null}]]]>
              </value>
            </param>
          </params>
          <reporter-output>
          </reporter-output>
        </test-method> <!-- logout -->
        <test-method is-config="true" signature="closeBrowser()[pri:0, instance:Module_LoginTest.PBLoginTest_Base_Utility_screenshot@3cebbb30]" started-at="2022-07-27T15:21:01 IST" name="closeBrowser" finished-at="2022-07-27T15:21:07 IST" duration-ms="6072" status="PASS">
          <reporter-output>
          </reporter-output>
        </test-method> <!-- closeBrowser -->
      </class> <!-- Module_LoginTest.PBLoginTest_Base_Utility_screenshot -->
    </test> <!-- Default test -->
  </suite> <!-- Default suite -->
</testng-results>
